[12:01:14.030] [INFO] Storybook Upgrade - v10.0.7
[12:01:14.040] [INFO] detect-projects-spinner-start: Detecting projects...
[12:01:14.041] [DEBUG] Finding Storybook projects...
[12:01:14.133] [DEBUG] Found 1 Storybook projects
[12:01:14.134] [INFO] detect-projects-spinner: Detecting projects: 1 projects
[12:01:14.134] [DEBUG] Getting Storybook data...
[12:01:14.134] [DEBUG] Getting Storybook info...
[12:01:14.137] [DEBUG] Loading main config...
[12:01:14.378] [DEBUG] Getting stories paths...
[12:01:14.391] [DEBUG] Getting package manager...
[12:01:14.735] [DEBUG] Getting Storybook version...
[12:01:14.735] [DEBUG] /.storybook - Validating before version... 8.6.14
[12:01:14.735] [DEBUG] /.storybook - Validating upgrade compatibility...
[12:01:14.735] [DEBUG] /.storybook - Fetching NPM version information...
[12:01:14.735] [DEBUG] Getting CLI versions from NPM for storybook...
[12:01:14.739] [DEBUG] Getting CLI versions from NPM for storybook@next...
[12:01:15.182] [DEBUG] /.storybook - Evaluating blockers...
[12:01:15.188] [DEBUG] Getting installed version for @storybook/experimental-addon-test...
[12:01:15.835] [INFO] detect-projects-spinner-stop: 1 project detected
[12:01:15.835] [DEBUG] Found 1 valid projects and 0 error projects
[12:01:15.835] [INFO] Upgrading from 8.6.14 to 10.0.7
[12:01:15.844] [INFO] upgrade-dependencies-task-start: Fetching versions to update package.json files..
[12:01:15.844] [DEBUG] Updating dependencies in /.storybook...
[12:01:15.850] [INFO] upgrade-dependencies-task: /package.json
[12:01:15.851] [DEBUG] {
  "upgradedDependencies": []
}
[12:01:15.851] [DEBUG] {
  "upgradedDevDependencies": [
    "@storybook/addon-links@^10.0.7",
    "@storybook/cli@^10.0.7",
    "@storybook/svelte@^10.0.7",
    "@storybook/svelte-vite@^10.0.7"
  ]
}
[12:01:15.851] [DEBUG] {
  "upgradedPeerDependencies": []
}
[12:01:15.851] [DEBUG] Getting CLI versions from NPM for @storybook/addon-links...
[12:01:16.219] [DEBUG] Getting CLI versions from NPM for @storybook/cli...
[12:01:16.602] [DEBUG] Getting CLI versions from NPM for @storybook/svelte...
[12:01:18.319] [DEBUG] Getting CLI versions from NPM for @storybook/svelte-vite...
[12:01:19.961] [INFO] upgrade-dependencies-task-success: Updated package versions in package.json files
[12:01:19.962] [INFO] detect-automigrations-task-start: Detecting automigrations...
[12:01:19.962] [DEBUG] Starting automigration collection across 1 projects and 18 fixes...
[12:01:19.969] [INFO] detect-automigrations-task: Checking automigrations for /.storybook...
[12:01:19.970] [DEBUG] Processing project: /.storybook
[12:01:19.970] [DEBUG] Checking fix eslintPlugin for project /.storybook...
[12:01:19.970] [DEBUG] Checking fix addon-mdx-gfm-remove for project /.storybook...
[12:01:19.971] [DEBUG] Checking fix addon-storysource-code-panel for project /.storybook...
[12:01:19.971] [DEBUG] Checking fix upgrade-storybook-related-dependencies for project /.storybook...
[12:01:19.971] [DEBUG] Checking for incompatible storybook packages...
[12:01:19.972] [DEBUG] Getting installed version for @storybook/addon-actions...
[12:01:19.975] [DEBUG] Getting installed version for @storybook/addon-controls...
[12:01:19.977] [DEBUG] Getting installed version for @storybook/addon-essentials...
[12:01:19.979] [DEBUG] Getting installed version for @storybook/addon-interactions...
[12:01:19.982] [DEBUG] Getting installed version for @storybook/addon-storysource...
[12:01:21.422] [DEBUG] An issue occurred while trying to find dependencies metadata using npm.
[12:01:21.422] [DEBUG] Getting CLI versions from NPM for @storybook/addon-controls...
[12:01:21.426] [DEBUG] An issue occurred while trying to find dependencies metadata using npm.
[12:01:21.426] [DEBUG] Getting CLI versions from NPM for @storybook/addon-essentials...
[12:01:21.430] [DEBUG] An issue occurred while trying to find dependencies metadata using npm.
[12:01:21.430] [DEBUG] Getting CLI versions from NPM for @storybook/addon-actions...
[12:01:21.446] [DEBUG] An issue occurred while trying to find dependencies metadata using npm.
[12:01:21.446] [DEBUG] Getting CLI versions from NPM for @storybook/addon-interactions...
[12:01:21.471] [DEBUG] An issue occurred while trying to find dependencies metadata using npm.
[12:01:21.471] [DEBUG] Getting CLI versions from NPM for @storybook/addon-storysource...
[12:01:22.543] [DEBUG] Checking fix initial-globals for project /.storybook...
[12:01:22.553] [DEBUG] Checking fix addon-globals-api for project /.storybook...
[12:01:22.554] [DEBUG] Checking fix addon-a11y-addon-test for project /.storybook...
[12:01:22.554] [DEBUG] Checking fix consolidated-imports for project /.storybook...
[12:01:22.555] [DEBUG] Checking fix addon-experimental-test for project /.storybook...
[12:01:22.555] [DEBUG] Using cached installed version for @storybook/experimental-addon-test...
[12:01:22.555] [DEBUG] Checking fix rnstorybook-config for project /.storybook...
[12:01:22.555] [DEBUG] Checking fix migrate-addon-console for project /.storybook...
[12:01:22.555] [DEBUG] Checking fix remove-addon-interactions for project /.storybook...
[12:01:22.555] [DEBUG] Checking fix renderer-to-framework for project /.storybook...
[12:01:22.556] [DEBUG] Checking fix remove-essential-addons for project /.storybook...
[12:01:22.556] [DEBUG] Checking fix addon-a11y-parameters for project /.storybook...
[12:01:22.556] [DEBUG] Checking fix remove-docs-autodocs for project /.storybook...
[12:01:22.563] [DEBUG] Checking fix wrap-getAbsolutePath for project /.storybook...
[12:01:22.568] [DEBUG] Checking fix fix-faux-esm-require for project /.storybook...
[12:01:22.574] [INFO] detect-automigrations-task: 
Automigrations detected:
[12:01:22.582] [INFO] detect-automigrations-task: ✔ eslintPlugin
[12:01:22.589] [INFO] detect-automigrations-task: ✔ addon-storysource-code-panel
[12:01:22.595] [INFO] detect-automigrations-task: ✔ remove-addon-interactions
[12:01:22.601] [INFO] detect-automigrations-task: ✔ renderer-to-framework
[12:01:22.606] [INFO] detect-automigrations-task: ✔ remove-essential-addons
[12:01:22.613] [INFO] detect-automigrations-task: ✔ remove-docs-autodocs
[12:01:22.619] [INFO] detect-automigrations-task: ✔ fix-faux-esm-require
[12:01:22.619] [INFO] detect-automigrations-task-success: 7 automigration(s) detected
[12:01:57.863] [PROMPT] Select automigrations to run {"choice":["eslintPlugin","addon-storysource-code-panel","remove-addon-interactions","renderer-to-framework","remove-essential-addons","remove-docs-autodocs","fix-faux-esm-require"]}
[12:01:57.863] [INFO] automigrate-/.storybook-task-start: Running automigrations for /.storybook
[12:01:57.863] [DEBUG] Adding dependencies: eslint-plugin-storybook@10.0.7
[12:01:57.863] [DEBUG] Getting CLI versions from NPM for eslint-plugin-storybook...
[12:01:58.177] [DEBUG] Detected JSON config at /home/edewit/workspace/private/svelte-patternfly/.eslintrc.json
[12:01:58.186] [INFO] automigrate-/.storybook-task: ✔ eslintPlugin
[12:01:58.186] [DEBUG] Removing @storybook/addon-storysource...
[12:01:58.194] [DEBUG] Uninstalling @storybook/addon-storysource
[12:01:58.195] [DEBUG] Removing '@storybook/addon-storysource' from main.js addons field.
[12:01:58.200] [INFO] Installing @storybook/addon-docs...
[12:01:58.200] [DEBUG] Getting Storybook info...
[12:01:58.201] [DEBUG] Loading main config...
[12:01:58.203] [DEBUG] Getting stories paths...
[12:01:58.203] [DEBUG] Getting package manager...
[12:01:58.205] [DEBUG] Getting Storybook version...
[12:01:58.215] [INFO] automigrate-/.storybook-task: Verifying @storybook/addon-docs
[12:01:58.222] [INFO] automigrate-/.storybook-task: Installing @storybook/addon-docs@10.0.7
[12:01:58.222] [DEBUG] Getting CLI versions from NPM for @storybook/addon-docs...
[12:01:58.659] [INFO] automigrate-/.storybook-task: Adding '@storybook/addon-docs' to the "addons" field in
/home/edewit/workspace/private/svelte-patternfly/.storybook/main.js
[12:01:58.678] [INFO] automigrate-/.storybook-task: ✔ addon-storysource-code-panel
[12:01:58.683] [DEBUG] Uninstalling @storybook/addon-interactions
[12:01:58.683] [DEBUG] Removing '@storybook/addon-interactions' from main.js addons field.
[12:01:58.691] [INFO] automigrate-/.storybook-task: ✔ remove-addon-interactions
[12:01:58.691] [DEBUG] 
Migrating @storybook/svelte to @storybook/svelte-vite
[12:01:58.695] [DEBUG] Updating package.json files...
[12:01:58.703] [INFO] automigrate-/.storybook-task: ✔ renderer-to-framework
[12:01:58.706] [DEBUG] Uninstalling @storybook/addon-essentials
[12:01:58.707] [DEBUG] Removing '@storybook/addon-essentials' from main.js addons field.
[12:01:58.711] [DEBUG] Uninstalling @storybook/addon-actions
[12:01:58.715] [DEBUG] Uninstalling @storybook/addon-controls
[12:01:58.721] [DEBUG] Getting Storybook info...
[12:01:58.721] [DEBUG] Loading main config...
[12:01:58.722] [DEBUG] Getting stories paths...
[12:01:58.722] [DEBUG] Getting package manager...
[12:01:58.722] [DEBUG] Getting Storybook version...
[12:01:58.731] [INFO] automigrate-/.storybook-task: Verifying @storybook/addon-docs
[12:01:58.738] [INFO] automigrate-/.storybook-task: Installing @storybook/addon-docs@10.0.7
[12:01:58.738] [DEBUG] Using cached version for @storybook/addon-docs...
[12:01:58.744] [INFO] automigrate-/.storybook-task: Adding '@storybook/addon-docs' to the "addons" field in
/home/edewit/workspace/private/svelte-patternfly/.storybook/main.js
[12:01:58.756] [INFO] automigrate-/.storybook-task: ✔ remove-essential-addons
[12:01:58.763] [INFO] automigrate-/.storybook-task: 🔄 Updating docs parameter in main config file...
[12:01:58.775] [INFO] automigrate-/.storybook-task: ✔ remove-docs-autodocs
[12:01:58.791] [INFO] automigrate-/.storybook-task: ✔ fix-faux-esm-require
[12:01:58.791] [INFO] automigrate-/.storybook-task-success: Completed automigrations for /.storybook
[12:01:58.791] [INFO] Installing dependencies...
[12:01:58.791] [INFO] install-dependencies-task-start: Installing dependencies...
[12:02:05.783] [INFO] added 53 packages, removed 127 packages, changed 13 packages, and audited 2058 packages in 7s

232 packages are looking for funding
[12:02:05.790] [INFO] install-dependencies-task: added 53 packages, removed 127 packages, changed 13 packages, and audited 2058
packages in 7s

232 packages are looking for funding
[12:02:05.791] [INFO] run `npm fund` for details
[12:02:05.799] [INFO] install-dependencies-task: run `npm fund` for details
[12:02:05.821] [INFO] 40 vulnerabilities (32 moderate, 6 high, 2 critical)

To address issues that do not require attention, run:
  npm audit fix

To address all issues (including breaking changes), run:
  npm audit fix --force

Run `npm audit` for details.
[12:02:05.827] [INFO] install-dependencies-task: 40 vulnerabilities (32 moderate, 6 high, 2 critical)

To address issues that do not require attention, run:
npm audit fix

To address all issues (including breaking changes), run:
npm audit fix --force

Run `npm audit` for details.
[12:02:05.848] [INFO] Dependencies installed
[12:02:05.848] [INFO] install-dependencies-task-success: Dependencies installed
[12:02:05.849] [INFO] Checking the health of your project(s)..
[12:02:06.917] [WARN] /.storybook: 1 issue found
[12:02:06.924] [INFO] The "storybook" package was not found in your package.json.
Installing "storybook" as a direct dev dependency in your package.json is required.
[12:02:06.924] [INFO] Missing Storybook Dependency
[12:02:06.932] [INFO] The "storybook" package was not found in your package.json.
Installing "storybook" as a direct dev dependency in your package.json is required.
[12:02:06.938] [INFO] Storybook doctor is complete!
[12:02:06.944] [INFO] You can always recheck the health of your project(s) by running:
npx storybook doctor
[12:02:06.950] [INFO] The upgrade is complete!
[12:02:06.956] [INFO] Your project(s) have been upgraded successfully, but some issues were found which need your attention, please check Storybook doctor logs above.
[12:02:07.004] [INFO] If you want to learn more about the automigrations that executed in your project(s), please check the following links:

• eslintPlugin
• addon-storysource-code-panel
• remove-addon-interactions
• renderer-to-framework
• remove-essential-addons
• remove-docs-autodocs
• fix-faux-esm-require
[12:02:07.010] [INFO] For a full list of changes, please check our migration guide: https://storybook.js.org/docs/releases/migration-guide?ref=upgrade
[12:02:07.017] [INFO] Attention: Storybook now collects completely anonymous telemetry regarding usage. This information is used to shape Storybook's roadmap and prioritize features.
[12:02:07.024] [INFO] You can learn more, including how to opt-out if you'd not like to participate in this anonymous program, by visiting the following URL:
[12:02:07.032] [INFO] https://storybook.js.org/telemetry
[12:02:07.046] [INFO] 